<?xml version="1.0" encoding="UTF-8"?>
<testng-results ignored="0" total="1" passed="1" failed="0" skipped="0">
  <reporter-output>
  </reporter-output>
  <suite started-at="2023-11-24T10:59:53 IST" name="Default suite" finished-at="2023-11-24T11:02:08 IST" duration-ms="135673">
    <groups>
    </groups>
    <test started-at="2023-11-24T10:59:53 IST" name="Default test" finished-at="2023-11-24T11:02:08 IST" duration-ms="135673">
      <class name="facebook.Facebook">
        <test-method signature="a()[pri:0, instance:facebook.Facebook@10163d6]" started-at="2023-11-24T10:59:53 IST" name="a" finished-at="2023-11-24T11:02:08 IST" duration-ms="135582" status="PASS">
          <reporter-output>
          </reporter-output>
        </test-method> <!-- a -->
      </class> <!-- facebook.Facebook -->
    </test> <!-- Default test -->
  </suite> <!-- Default suite -->
</testng-results>
